# JRE version: Java(TM) SE Runtime Environment (8.0_201-b09) (build 1.8.0_201-b09)
# Java VM: Java HotSpot(TM) 64-Bit Server VM (25.201-b09 mixed mode windows-amd64 compressed oops)
Heap:
 PSYoungGen      total 57344K, used 55765K [0x0000000780180000, 0x0000000784180000, 0x00000007c0000000)
  eden space 49152K, 99% used [0x0000000780180000,0x0000000783128d98,0x0000000783180000)
  from space 8192K, 84% used [0x0000000783180000,0x000000078384c670,0x0000000783980000)
  to   space 8192K, 0% used [0x0000000783980000,0x0000000783980000,0x0000000784180000)
 ParOldGen       total 131072K, used 1197K [0x0000000700400000, 0x0000000708400000, 0x0000000780180000)
  object space 131072K, 0% used [0x0000000700400000,0x000000070052b680,0x0000000708400000)
 Metaspace       used 19193K, capacity 19920K, committed 20096K, reserved 1067008K
  class space    used 2263K, capacity 2428K, committed 2432K, reserved 1048576K
GC Heap History (6 events):
Event: 2.881 GC heap before
{Heap before GC invocations=1 (full 0):
 PSYoungGen      total 57344K, used 49152K [0x0000000780180000, 0x0000000784180000, 0x00000007c0000000)
  eden space 49152K, 100% used [0x0000000780180000,0x0000000783180000,0x0000000783180000)
  from space 8192K, 0% used [0x0000000783980000,0x0000000783980000,0x0000000784180000)
  to   space 8192K, 0% used [0x0000000783180000,0x0000000783180000,0x0000000783980000)
 ParOldGen       total 131072K, used 0K [0x0000000700400000, 0x0000000708400000, 0x0000000780180000)
  object space 131072K, 0% used [0x0000000700400000,0x0000000700400000,0x0000000708400000)
 Metaspace       used 15923K, capacity 16582K, committed 16896K, reserved 1064960K
  class space    used 1993K, capacity 2181K, committed 2304K, reserved 1048576K
Event: 2.894 GC heap after
Heap after GC invocations=1 (full 0):
 PSYoungGen      total 57344K, used 8165K [0x0000000780180000, 0x0000000784180000, 0x00000007c0000000)
  eden space 49152K, 0% used [0x0000000780180000,0x0000000780180000,0x0000000783180000)
  from space 8192K, 99% used [0x0000000783180000,0x00000007839796e8,0x0000000783980000)
  to   space 8192K, 0% used [0x0000000783980000,0x0000000783980000,0x0000000784180000)
 ParOldGen       total 131072K, used 1045K [0x0000000700400000, 0x0000000708400000, 0x0000000780180000)
  object space 131072K, 0% used [0x0000000700400000,0x0000000700505670,0x0000000708400000)
 Metaspace       used 15923K, capacity 16582K, committed 16896K, reserved 1064960K
  class space    used 1993K, capacity 2181K, committed 2304K, reserved 1048576K
}
Event: 45.404 GC heap before
{Heap before GC invocations=2 (full 0):
 PSYoungGen      total 57344K, used 57317K [0x0000000780180000, 0x0000000784180000, 0x00000007c0000000)
  eden space 49152K, 100% used [0x0000000780180000,0x0000000783180000,0x0000000783180000)
  from space 8192K, 99% used [0x0000000783180000,0x00000007839796e8,0x0000000783980000)
  to   space 8192K, 0% used [0x0000000783980000,0x0000000783980000,0x0000000784180000)
 ParOldGen       total 131072K, used 1045K [0x0000000700400000, 0x0000000708400000, 0x0000000780180000)
  object space 131072K, 0% used [0x0000000700400000,0x0000000700505670,0x0000000708400000)
 Metaspace       used 17298K, capacity 18004K, committed 18304K, reserved 1064960K
  class space    used 2147K, capacity 2360K, committed 2432K, reserved 1048576K
Event: 45.412 GC heap after
Heap after GC invocations=2 (full 0):
 PSYoungGen      total 57344K, used 5348K [0x0000000780180000, 0x0000000784180000, 0x00000007c0000000)
  eden space 49152K, 0% used [0x0000000780180000,0x0000000780180000,0x0000000783180000)
  from space 8192K, 65% used [0x0000000783980000,0x0000000783eb90d8,0x0000000784180000)
  to   space 8192K, 0% used [0x0000000783180000,0x0000000783180000,0x0000000783980000)
 ParOldGen       total 131072K, used 1053K [0x0000000700400000, 0x0000000708400000, 0x0000000780180000)
  object space 131072K, 0% used [0x0000000700400000,0x0000000700507670,0x0000000708400000)
 Metaspace       used 17298K, capacity 18004K, committed 18304K, reserved 1064960K
  class space    used 2147K, capacity 2360K, committed 2432K, reserved 1048576K
}
Event: 69.157 GC heap before
{Heap before GC invocations=3 (full 0):
 PSYoungGen      total 57344K, used 54500K [0x0000000780180000, 0x0000000784180000, 0x00000007c0000000)
  eden space 49152K, 100% used [0x0000000780180000,0x0000000783180000,0x0000000783180000)
  from space 8192K, 65% used [0x0000000783980000,0x0000000783eb90d8,0x0000000784180000)
  to   space 8192K, 0% used [0x0000000783180000,0x0000000783180000,0x0000000783980000)
 ParOldGen       total 131072K, used 1053K [0x0000000700400000, 0x0000000708400000, 0x0000000780180000)
  object space 131072K, 0% used [0x0000000700400000,0x0000000700507670,0x0000000708400000)
 Metaspace       used 18823K, capacity 19516K, committed 19584K, reserved 1067008K
  class space    used 2257K, capacity 2426K, committed 2432K, reserved 1048576K
Event: 69.166 GC heap after
Heap after GC invocations=3 (full 0):
 PSYoungGen      total 57344K, used 6961K [0x0000000780180000, 0x0000000784180000, 0x00000007c0000000)
  eden space 49152K, 0% used [0x0000000780180000,0x0000000780180000,0x0000000783180000)
  from space 8192K, 84% used [0x0000000783180000,0x000000078384c670,0x0000000783980000)
  to   space 8192K, 0% used [0x0000000783980000,0x0000000783980000,0x0000000784180000)
 ParOldGen       total 131072K, used 1197K [0x0000000700400000, 0x0000000708400000, 0x0000000780180000)
  object space 131072K, 0% used [0x0000000700400000,0x000000070052b680,0x0000000708400000)
 Metaspace       used 18823K, capacity 19516K, committed 19584K, reserved 1067008K
  class space    used 2257K, capacity 2426K, committed 2432K, reserved 1048576K
}

