<?xml version="1.0" encoding="UTF-8"?>
<!-- Generated by org.testng.reporters.JUnitXMLReporter -->
<testsuite hostname="Nastel2" name="Viewlet under menubar" tests="7" failures="0" timestamp="15 Apr 2020 11:01:29 GMT" time="305.07" errors="0">
  <testcase name="Login" time="44.204" classname="MenuBar.MenuBar_Viewlet"/>
  <testcase name="CreateViewletWithQueryFromMenubar" time="14.134" classname="MenuBar.MenuBar_Viewlet"/>
  <testcase name="CreateViewletWithAFormFromMenubar" time="17.378" classname="MenuBar.MenuBar_Viewlet"/>
  <testcase name="OpenExistingViewletFromMenubar" time="22.956" classname="MenuBar.MenuBar_Viewlet"/>
  <testcase name="VerifyOpenViewletOptionsFromMenubar" time="10.714" classname="MenuBar.MenuBar_Viewlet"/>
  <testcase name="CreateviewletFromOpenOption" time="8.847" classname="MenuBar.MenuBar_Viewlet"/>
  <testcase name="Logout" time="6.619" classname="MenuBar.MenuBar_Viewlet"/>
</testsuite> <!-- Viewlet under menubar -->
