<?xml version="1.0" encoding="UTF-8"?>
<!-- Generated by org.testng.reporters.JUnitXMLReporter -->
<testsuite hostname="Nastel2" name="Landing page" tests="3" failures="0" timestamp="20 Jan 2020 08:28:26 GMT" time="93.496" errors="0">
  <testcase name="Login" time="43.498" classname="MenuBar.MenuBar_LandingPage"/>
  <testcase name="LandingPageVerification" time="20.821" classname="MenuBar.MenuBar_LandingPage"/>
  <testcase name="Logout" time="5.104" classname="MenuBar.MenuBar_LandingPage"/>
</testsuite> <!-- Landing page -->
