<?xml version="1.0" encoding="UTF-8"?>
<!-- Generated by org.testng.reporters.JUnitXMLReporter -->
<testsuite hostname="Nastel2" name="Verify viewlet" tests="11" failures="0" timestamp="20 Jan 2020 08:49:34 GMT" time="1040.811" errors="0">
  <testcase name="Login" time="50.477" classname="EditViewletFilterOptions.EditViewletPage_EditViewletFilterOptions"/>
  <testcase name="CreateViewletWithQuery" time="13.482" classname="EditViewletFilterOptions.EditViewletPage_EditViewletFilterOptions"/>
  <testcase name="Event" time="114.948" classname="EditViewletFilterOptions.EditViewletPage_EditViewletFilterOptions"/>
  <testcase name="Activity" time="137.72" classname="EditViewletFilterOptions.EditViewletPage_EditViewletFilterOptions"/>
  <testcase name="Snapshot" time="81.975" classname="EditViewletFilterOptions.EditViewletPage_EditViewletFilterOptions"/>
  <testcase name="Job" time="96.815" classname="EditViewletFilterOptions.EditViewletPage_EditViewletFilterOptions"/>
  <testcase name="Log" time="76.11" classname="EditViewletFilterOptions.EditViewletPage_EditViewletFilterOptions"/>
  <testcase name="Relative" time="97.917" classname="EditViewletFilterOptions.EditViewletPage_EditViewletFilterOptions"/>
  <testcase name="Resource" time="55.099" classname="EditViewletFilterOptions.EditViewletPage_EditViewletFilterOptions"/>
  <testcase name="Source" time="54.805" classname="EditViewletFilterOptions.EditViewletPage_EditViewletFilterOptions"/>
  <testcase name="Logout" time="6.987" classname="EditViewletFilterOptions.EditViewletPage_EditViewletFilterOptions"/>
</testsuite> <!-- Verify viewlet -->
