<?xml version="1.0" encoding="UTF-8"?>
<!-- Generated by org.testng.reporters.JUnitXMLReporter -->
<testsuite hostname="Nastel2" name="Viewlet tab" tests="5" failures="0" timestamp="21 May 2020 07:27:33 GMT" time="207.457" errors="0">
  <testcase name="Login" time="36.445" classname="AdminSettings.AdminSettings_ViewletTab"/>
  <testcase name="DataPointsforViewlet" time="22.459" classname="AdminSettings.AdminSettings_ViewletTab"/>
  <testcase name="DataGroupsforSummaryViewlet" time="13.93" classname="AdminSettings.AdminSettings_ViewletTab"/>
  <testcase name="Reset" time="7.73" classname="AdminSettings.AdminSettings_ViewletTab"/>
  <testcase name="Logout" time="4.293" classname="AdminSettings.AdminSettings_ViewletTab"/>
</testsuite> <!-- Viewlet tab -->
