<?xml version="1.0" encoding="UTF-8"?>
<!-- Generated by org.testng.reporters.JUnitXMLReporter -->
<testsuite hostname="Nastel2" name="About page" tests="5" failures="0" timestamp="22 May 2020 06:29:36 GMT" time="233.365" errors="0">
  <testcase name="Login" time="51.581" classname="MenuBar.MenuBar_About"/>
  <testcase name="AboutVerification" time="6.74" classname="MenuBar.MenuBar_About"/>
  <testcase name="GetCollectorsFromSettings" time="24.765" classname="MenuBar.MenuBar_About"/>
  <testcase name="LicenseFromSettings" time="22.769" classname="MenuBar.MenuBar_About"/>
  <testcase name="Logout" time="5.116" classname="MenuBar.MenuBar_About"/>
</testsuite> <!-- About page -->
