<?xml version="1.0" encoding="UTF-8"?>
<!-- Generated by org.testng.reporters.JUnitXMLReporter -->
<testsuite hostname="Nastel2" name="Feed back page" tests="3" failures="0" timestamp="23 Apr 2020 10:05:18 GMT" time="101.582" errors="0">
  <testcase name="Login" time="36.481" classname="MenuBar.MenuBar_FeedBack"/>
  <testcase name="FeedbackVerification" time="22.449" classname="MenuBar.MenuBar_FeedBack"/>
  <testcase name="Logout" time="6.753" classname="MenuBar.MenuBar_FeedBack"/>
</testsuite> <!-- Feed back page -->
