<?xml version="1.0" encoding="UTF-8"?>
<!-- Generated by org.testng.reporters.JUnitXMLReporter -->
<testsuite hostname="Nastel2" name="Summary viewlet Based on Objectives " tests="3" failures="0" timestamp="20 Jan 2020 08:04:42 GMT" time="108.175" errors="0">
  <testcase name="Login" time="52.473" classname="SummaryViewlets.SummaryViewlet_CreateSummaryBasedOnObjectives"/>
  <testcase name="CreateSummaryViewletBasedOnObjectives" time="23.457" classname="SummaryViewlets.SummaryViewlet_CreateSummaryBasedOnObjectives"/>
  <testcase name="Logout" time="6.046" classname="SummaryViewlets.SummaryViewlet_CreateSummaryBasedOnObjectives"/>
</testsuite> <!-- Summary viewlet Based on Objectives  -->
