<?xml version="1.0" encoding="UTF-8"?>
<!-- Generated by org.testng.reporters.JUnitXMLReporter -->
<testsuite hostname="LAPTOP-P3LD1OLC" ignored="0" name="Alerts tab" tests="17" failures="0" timestamp="29 Jan 2021 08:11:17 GMT" time="486.988" errors="0">
  <testcase name="Login" time="43.26" classname="AdminSettings.AdminSettings_AlertsTab"/>
  <testcase name="CreateAlert" time="46.067" classname="AdminSettings.AdminSettings_AlertsTab"/>
  <testcase name="ActionTypeCheckboxInAlertTab" time="11.725" classname="AdminSettings.AdminSettings_AlertsTab"/>
  <testcase name="BrowseAvailablePlaceholderLinkInAlertTab" time="2.406" classname="AdminSettings.AdminSettings_AlertsTab"/>
  <testcase name="SetDefaultValuesInAlertTab" time="0.137" classname="AdminSettings.AdminSettings_AlertsTab"/>
  <testcase name="TestAndFinishButtonsVerificationBeforEnterTheName" time="2.138" classname="AdminSettings.AdminSettings_AlertsTab"/>
  <testcase name="TestAndFinishButtonsVerificationAfterEnterTheName" time="11.51" classname="AdminSettings.AdminSettings_AlertsTab"/>
  <testcase name="TestButtonFunctionalityVerification" time="22.238" classname="AdminSettings.AdminSettings_AlertsTab"/>
  <testcase name="CreateButtonFunctinalityVerification" time="8.244" classname="AdminSettings.AdminSettings_AlertsTab"/>
  <testcase name="SerachInManageActionsTab" time="7.768" classname="AdminSettings.AdminSettings_AlertsTab"/>
  <testcase name="EditAction" time="5.938" classname="AdminSettings.AdminSettings_AlertsTab"/>
  <testcase name="CopyAction" time="11.016" classname="AdminSettings.AdminSettings_AlertsTab"/>
  <testcase name="DeleteAction" time="7.086" classname="AdminSettings.AdminSettings_AlertsTab"/>
  <testcase name="SearchInManageAlertsTab" time="10.22" classname="AdminSettings.AdminSettings_AlertsTab"/>
  <testcase name="EditAlert" time="15.55" classname="AdminSettings.AdminSettings_AlertsTab"/>
  <testcase name="DeleteAlert" time="11.834" classname="AdminSettings.AdminSettings_AlertsTab"/>
  <testcase name="Logout" time="3.561" classname="AdminSettings.AdminSettings_AlertsTab"/>
</testsuite> <!-- Alerts tab -->
