<?xml version="1.0" encoding="UTF-8"?>
<!-- Generated by org.testng.reporters.JUnitXMLReporter -->
<testsuite hostname="Nastel2" name="Open Existing Summary viewlet" tests="9" failures="0" timestamp="21 May 2020 08:48:58 GMT" time="360.095" errors="0">
  <testcase name="Login" time="42.966" classname="SummaryViewlets.SummaryViewlet_OpenExistingSummary"/>
  <testcase name="SelectOpenExistingSummary" time="6.467" classname="SummaryViewlets.SummaryViewlet_OpenExistingSummary"/>
  <testcase name="AllOptionsStatus" time="2.056" classname="SummaryViewlets.SummaryViewlet_OpenExistingSummary"/>
  <testcase name="ViewByFiletrDetailsOption" time="0.329" classname="SummaryViewlets.SummaryViewlet_OpenExistingSummary"/>
  <testcase name="SortByAlphabetically" time="2.961" classname="SummaryViewlets.SummaryViewlet_OpenExistingSummary"/>
  <testcase name="ValidSearch" time="4.456" classname="SummaryViewlets.SummaryViewlet_OpenExistingSummary"/>
  <testcase name="ButtonsStatus" time="1.06" classname="SummaryViewlets.SummaryViewlet_OpenExistingSummary"/>
  <testcase name="OpenExistingSummaryViewlet" time="8.119" classname="SummaryViewlets.SummaryViewlet_OpenExistingSummary"/>
  <testcase name="Logout" time="6.762" classname="SummaryViewlets.SummaryViewlet_OpenExistingSummary"/>
</testsuite> <!-- Open Existing Summary viewlet -->
