<?xml version="1.0" encoding="UTF-8"?>
<!-- Generated by org.testng.reporters.JUnitXMLReporter -->
<testsuite hostname="Nastel2" name="Open Existing Summary viewlet" tests="9" failures="0" timestamp="20 Jan 2020 08:09:29 GMT" time="286.151" errors="0">
  <testcase name="Login" time="46.527" classname="SummaryViewlets.SummaryViewlet_OpenExistingSummary"/>
  <testcase name="SelectOpenExistingSummary" time="7.359" classname="SummaryViewlets.SummaryViewlet_OpenExistingSummary"/>
  <testcase name="AllOptionsStatus" time="2.201" classname="SummaryViewlets.SummaryViewlet_OpenExistingSummary"/>
  <testcase name="ViewByFiletrDetailsOption" time="0.921" classname="SummaryViewlets.SummaryViewlet_OpenExistingSummary"/>
  <testcase name="SortByAlphabetically" time="3.129" classname="SummaryViewlets.SummaryViewlet_OpenExistingSummary"/>
  <testcase name="ValidSearch" time="7.339" classname="SummaryViewlets.SummaryViewlet_OpenExistingSummary"/>
  <testcase name="ButtonsStatus" time="1.262" classname="SummaryViewlets.SummaryViewlet_OpenExistingSummary"/>
  <testcase name="OpenExistingSummaryViewlet" time="11.058" classname="SummaryViewlets.SummaryViewlet_OpenExistingSummary"/>
  <testcase name="Logout" time="7.103" classname="SummaryViewlets.SummaryViewlet_OpenExistingSummary"/>
</testsuite> <!-- Open Existing Summary viewlet -->
