<?xml version="1.0" encoding="UTF-8"?>
<!-- Generated by org.testng.reporters.JUnitXMLReporter -->
<testsuite hostname="Nastel2" name="User Settings" tests="13" failures="0" timestamp="22 May 2020 06:22:24 GMT" time="1438.514" errors="0">
  <testcase name="Login" time="37.372" classname="MenuBar.MenuBar_UserSettings"/>
  <testcase name="ChangePasswordFromMenu" time="220.066" classname="MenuBar.MenuBar_UserSettings"/>
  <testcase name="UpdateDashboardNameFromConfigureDashboard" time="77.102" classname="MenuBar.MenuBar_UserSettings"/>
  <testcase name="DeleteDashboardFromConfigureDashboard" time="25.284" classname="MenuBar.MenuBar_UserSettings"/>
  <testcase name="SummaryConsoleCheckboxes" time="214.519" classname="MenuBar.MenuBar_UserSettings"/>
  <testcase name="LandingPageCheckboxes" time="151.316" classname="MenuBar.MenuBar_UserSettings"/>
  <testcase name="CreateSchema" time="74.779" classname="MenuBar.MenuBar_UserSettings"/>
  <testcase name="EditSchema" time="17.219" classname="MenuBar.MenuBar_UserSettings"/>
  <testcase name="DeleteSchema" time="7.484" classname="MenuBar.MenuBar_UserSettings"/>
  <testcase name="DefaultRepository" time="183.268" classname="MenuBar.MenuBar_UserSettings"/>
  <testcase name="PersonalToken" time="21.429" classname="MenuBar.MenuBar_UserSettings"/>
  <testcase name="Logout" time="2.121" classname="MenuBar.MenuBar_UserSettings"/>
  <testcase name="CloseBrowser" time="4.118" classname="MenuBar.MenuBar_UserSettings"/>
</testsuite> <!-- User Settings -->
