<?xml version="1.0" encoding="UTF-8"?>
<!-- Generated by org.testng.reporters.JUnitXMLReporter -->
<testsuite hostname="Nastel2" name="Open Existing Summary viewlet" tests="9" failures="0" timestamp="24 Apr 2020 13:21:44 GMT" time="320.163" errors="0">
  <testcase name="Login" time="39.849" classname="SummaryViewlets.SummaryViewlet_OpenExistingSummary"/>
  <testcase name="SelectOpenExistingSummary" time="6.436" classname="SummaryViewlets.SummaryViewlet_OpenExistingSummary"/>
  <testcase name="AllOptionsStatus" time="2.046" classname="SummaryViewlets.SummaryViewlet_OpenExistingSummary"/>
  <testcase name="ViewByFiletrDetailsOption" time="0.355" classname="SummaryViewlets.SummaryViewlet_OpenExistingSummary"/>
  <testcase name="SortByAlphabetically" time="3.0" classname="SummaryViewlets.SummaryViewlet_OpenExistingSummary"/>
  <testcase name="ValidSearch" time="4.067" classname="SummaryViewlets.SummaryViewlet_OpenExistingSummary"/>
  <testcase name="ButtonsStatus" time="1.049" classname="SummaryViewlets.SummaryViewlet_OpenExistingSummary"/>
  <testcase name="OpenExistingSummaryViewlet" time="7.611" classname="SummaryViewlets.SummaryViewlet_OpenExistingSummary"/>
  <testcase name="Logout" time="2.671" classname="SummaryViewlets.SummaryViewlet_OpenExistingSummary"/>
</testsuite> <!-- Open Existing Summary viewlet -->
