<?xml version="1.0" encoding="UTF-8"?>
<!-- Generated by org.testng.reporters.JUnitXMLReporter -->
<testsuite hostname="LAPTOP-P3LD1OLC" ignored="0" name="Feed back page" tests="3" failures="0" timestamp="29 Jan 2021 10:57:39 GMT" time="86.56" errors="0">
  <testcase name="Login" time="43.928" classname="MenuBar.MenuBar_FeedBack"/>
  <testcase name="FeedbackVerification" time="22.588" classname="MenuBar.MenuBar_FeedBack"/>
  <testcase name="Logout" time="3.37" classname="MenuBar.MenuBar_FeedBack"/>
</testsuite> <!-- Feed back page -->
