<?xml version="1.0" encoding="UTF-8"?>
<!-- Generated by org.testng.reporters.JUnitXMLReporter -->
<testsuite hostname="LAPTOP-P3LD1OLC" ignored="0" name="Viewlet under menubar" tests="7" failures="0" timestamp="29 Jan 2021 11:39:51 GMT" time="237.078" errors="0">
  <testcase name="Login" time="42.925" classname="MenuBar.MenuBar_Viewlet"/>
  <testcase name="CreateViewletWithQueryFromMenubar" time="20.649" classname="MenuBar.MenuBar_Viewlet"/>
  <testcase name="CreateViewletWithAFormFromMenubar" time="21.059" classname="MenuBar.MenuBar_Viewlet"/>
  <testcase name="OpenExistingViewletFromMenubar" time="24.847" classname="MenuBar.MenuBar_Viewlet"/>
  <testcase name="VerifyOpenViewletOptionsFromMenubar" time="12.467" classname="MenuBar.MenuBar_Viewlet"/>
  <testcase name="CreateviewletFromOpenOption" time="9.057" classname="MenuBar.MenuBar_Viewlet"/>
  <testcase name="Logout" time="3.482" classname="MenuBar.MenuBar_Viewlet"/>
</testsuite> <!-- Viewlet under menubar -->
