<?xml version="1.0" encoding="UTF-8"?>
<!-- Generated by org.testng.reporters.JUnitXMLReporter -->
<testsuite hostname="Nastel2" name="SampleIBM_MQ_Tracing" tests="3" failures="0" timestamp="14 Apr 2020 12:40:18 GMT" time="146.437" errors="0">
  <testcase name="Login" time="37.253" classname="GlobalRepositories.GlobalRepo_SampleIBM_MQTracing"/>
  <testcase name="SelectRepositories" time="29.164" classname="GlobalRepositories.GlobalRepo_SampleIBM_MQTracing"/>
  <testcase name="MQ_calls_over_time" time="10.673" classname="GlobalRepositories.GlobalRepo_SampleIBM_MQTracing"/>
</testsuite> <!-- SampleIBM_MQ_Tracing -->
