<?xml version="1.0" encoding="UTF-8"?>
<!-- Generated by org.testng.reporters.JUnitXMLReporter -->
<testsuite hostname="Nastel2" name="SampleDevops" tests="4" failures="0" timestamp="30 Mar 2020 06:11:55 GMT" time="97.004" errors="0">
  <testcase name="Login" time="37.614" classname="GlobalRepositories.GlobalRepo_SampleDevops"/>
  <testcase name="SelectRepositories" time="26.285" classname="GlobalRepositories.GlobalRepo_SampleDevops"/>
  <testcase name="Build_scorecard" time="10.374" classname="GlobalRepositories.GlobalRepo_SampleDevops"/>
  <testcase name="Logout" time="0.699" classname="GlobalRepositories.GlobalRepo_SampleDevops"/>
</testsuite> <!-- SampleDevops -->
