<?xml version="1.0" encoding="UTF-8"?>
<!-- Generated by org.testng.reporters.JUnitXMLReporter -->
<testsuite hostname="Nastel2" name="SampleMobile" tests="3" failures="0" timestamp="10 Apr 2020 12:58:17 GMT" time="209.883" errors="0">
  <testcase name="Login" time="41.453" classname="GlobalRepositories.GlobalRepo_SampleMobile"/>
  <testcase name="SelectRepositories" time="29.584" classname="GlobalRepositories.GlobalRepo_SampleMobile"/>
  <testcase name="Anomalies_via_Bollinger_Bands" time="61.88" classname="GlobalRepositories.GlobalRepo_SampleMobile"/>
</testsuite> <!-- SampleMobile -->
